2024-03-06 01:14:50,919 DEBUG proactor_events __init__ Using proactor: IocpProactor 626
2024-03-06 01:14:51,464 DEBUG protocol __init__ = connection is CONNECTING 256
2024-03-06 01:14:51,671 DEBUG client write_http_request > GET / HTTP/1.1 114
2024-03-06 01:14:51,671 DEBUG client write_http_request > Host: n1.zerpmon.world:6005 116
2024-03-06 01:14:51,671 DEBUG client write_http_request > Upgrade: websocket 116
2024-03-06 01:14:51,671 DEBUG client write_http_request > Connection: Upgrade 116
2024-03-06 01:14:51,671 DEBUG client write_http_request > Sec-WebSocket-Key: klqbYBPQkvrfkPrY88lGwQ== 116
2024-03-06 01:14:51,671 DEBUG client write_http_request > Sec-WebSocket-Version: 13 116
2024-03-06 01:14:51,672 DEBUG client write_http_request > Sec-WebSocket-Extensions: permessage-deflate; client_max_window_bits 116
2024-03-06 01:14:51,672 DEBUG client write_http_request > User-Agent: Python/3.10 websockets/10.4 116
2024-03-06 01:14:52,063 DEBUG client read_http_response < HTTP/1.1 101 Switching Protocols 147
2024-03-06 01:14:52,063 DEBUG client read_http_response < Upgrade: websocket 149
2024-03-06 01:14:52,063 DEBUG client read_http_response < Connection: upgrade 149
2024-03-06 01:14:52,063 DEBUG client read_http_response < Sec-WebSocket-Accept: +ZFDL+3JAxtek7aMY8TQ7fx9Qh4= 149
2024-03-06 01:14:52,063 DEBUG client read_http_response < Sec-WebSocket-Extensions: permessage-deflate 149
2024-03-06 01:14:52,063 DEBUG client read_http_response < Server: rippled-2.1.0 149
2024-03-06 01:14:52,065 DEBUG protocol connection_open = connection is OPEN 357
2024-03-06 01:14:52,066 DEBUG protocol write_frame_sync > TEXT '{"id": "account_info_842631", "account": "rExK8...mmand": "account_info"}' [161 bytes] 1183
2024-03-06 01:14:52,239 DEBUG protocol read_frame < TEXT '{"id":"account_info_842631","result":{"account_...ess","type":"response"}' [872 bytes] 1177
2024-03-06 01:15:00,292 INFO missionTxnQueue main No Txn found 255
2024-03-06 01:15:10,324 INFO missionTxnQueue main No Txn found 255
2024-03-06 01:15:20,365 INFO missionTxnQueue main No Txn found 255
2024-03-06 01:15:30,410 INFO missionTxnQueue main No Txn found 255
2024-03-06 01:15:40,456 INFO missionTxnQueue main No Txn found 255
2024-03-06 01:15:50,506 INFO missionTxnQueue main No Txn found 255
2024-03-06 01:16:00,546 INFO missionTxnQueue main No Txn found 255
2024-03-06 01:16:10,573 INFO missionTxnQueue main No Txn found 255
2024-03-06 01:16:20,608 INFO missionTxnQueue main No Txn found 255
2024-03-06 01:16:30,657 INFO missionTxnQueue main No Txn found 255
2024-03-06 01:16:40,705 INFO missionTxnQueue main No Txn found 255
2024-03-06 01:16:50,745 INFO missionTxnQueue main No Txn found 255
2024-03-06 01:17:00,787 INFO missionTxnQueue main No Txn found 255
2024-03-06 01:17:10,828 INFO missionTxnQueue main No Txn found 255
2024-03-06 01:17:20,876 INFO missionTxnQueue main No Txn found 255
2024-03-06 01:17:30,917 INFO missionTxnQueue main No Txn found 255
2024-03-06 01:17:40,975 INFO missionTxnQueue main No Txn found 255
2024-03-06 01:19:01,363 DEBUG protocol read_frame < PING 0d e5 43 89 f1 f8 91 bf [binary, 8 bytes] 1177
2024-03-06 01:19:01,363 DEBUG protocol write_frame_sync > PONG 0d e5 43 89 f1 f8 91 bf [binary, 8 bytes] 1183
2024-03-06 01:19:01,364 DEBUG protocol read_frame < PING ad 59 26 69 e1 9c 7a ba [binary, 8 bytes] 1177
2024-03-06 01:19:01,364 DEBUG protocol write_frame_sync > PONG ad 59 26 69 e1 9c 7a ba [binary, 8 bytes] 1183
2024-03-06 01:19:01,364 DEBUG protocol read_frame < PING 94 39 41 b7 cc 0d 0a 3d [binary, 8 bytes] 1177
2024-03-06 01:19:01,364 DEBUG protocol write_frame_sync > PONG 94 39 41 b7 cc 0d 0a 3d [binary, 8 bytes] 1183
2024-03-06 01:19:01,365 DEBUG protocol read_frame < PING b2 5d e1 46 02 cf 8d b2 [binary, 8 bytes] 1177
2024-03-06 01:19:01,365 DEBUG protocol write_frame_sync > PONG b2 5d e1 46 02 cf 8d b2 [binary, 8 bytes] 1183
2024-03-06 01:19:01,365 DEBUG protocol read_frame < PING 73 90 4a 11 fd 77 82 c0 [binary, 8 bytes] 1177
2024-03-06 01:19:01,365 DEBUG protocol write_frame_sync > PONG 73 90 4a 11 fd 77 82 c0 [binary, 8 bytes] 1183
2024-03-06 01:19:01,365 DEBUG protocol read_frame < PING 99 e1 6f 40 d6 ba af d1 [binary, 8 bytes] 1177
2024-03-06 01:19:01,365 DEBUG protocol write_frame_sync > PONG 99 e1 6f 40 d6 ba af d1 [binary, 8 bytes] 1183
2024-03-06 01:19:01,365 DEBUG protocol read_frame < PING 97 3d 33 50 26 dd 1a 1c [binary, 8 bytes] 1177
2024-03-06 01:19:01,365 DEBUG protocol write_frame_sync > PONG 97 3d 33 50 26 dd 1a 1c [binary, 8 bytes] 1183
2024-03-06 01:19:01,366 DEBUG protocol read_frame < PING 0c c2 5e d2 ae 08 e7 7b [binary, 8 bytes] 1177
2024-03-06 01:19:01,366 DEBUG protocol write_frame_sync > PONG 0c c2 5e d2 ae 08 e7 7b [binary, 8 bytes] 1183
2024-03-06 01:19:01,366 DEBUG protocol keepalive_ping % sending keepalive ping 1270
2024-03-06 01:19:01,366 DEBUG protocol write_frame_sync > PING 90 4c 3f 74 [binary, 4 bytes] 1183
2024-03-06 01:19:01,551 DEBUG protocol __init__ = connection is CONNECTING 256
2024-03-06 01:19:01,738 DEBUG client write_http_request > GET / HTTP/1.1 114
2024-03-06 01:19:01,738 DEBUG client write_http_request > Host: n1.zerpmon.world:6005 116
2024-03-06 01:19:01,738 DEBUG client write_http_request > Upgrade: websocket 116
2024-03-06 01:19:01,738 DEBUG client write_http_request > Connection: Upgrade 116
2024-03-06 01:19:01,738 DEBUG client write_http_request > Sec-WebSocket-Key: ZPGa4adkf0RY9q/dgSkeuA== 116
2024-03-06 01:19:01,738 DEBUG client write_http_request > Sec-WebSocket-Version: 13 116
2024-03-06 01:19:01,739 DEBUG client write_http_request > Sec-WebSocket-Extensions: permessage-deflate; client_max_window_bits 116
2024-03-06 01:19:01,739 DEBUG client write_http_request > User-Agent: Python/3.10 websockets/10.4 116
2024-03-06 01:19:01,749 DEBUG protocol read_frame < PONG 90 4c 3f 74 [binary, 4 bytes] 1177
2024-03-06 01:19:01,749 DEBUG protocol keepalive_ping % received keepalive pong 1280
2024-03-06 01:19:02,124 DEBUG client read_http_response < HTTP/1.1 101 Switching Protocols 147
2024-03-06 01:19:02,124 DEBUG client read_http_response < Upgrade: websocket 149
2024-03-06 01:19:02,124 DEBUG client read_http_response < Connection: upgrade 149
2024-03-06 01:19:02,124 DEBUG client read_http_response < Sec-WebSocket-Accept: SX367HpWmumbSZToTgk+ITQb2RY= 149
2024-03-06 01:19:02,124 DEBUG client read_http_response < Sec-WebSocket-Extensions: permessage-deflate 149
2024-03-06 01:19:02,124 DEBUG client read_http_response < Server: rippled-2.1.0 149
2024-03-06 01:19:02,125 DEBUG protocol connection_open = connection is OPEN 357
2024-03-06 01:19:02,127 DEBUG protocol write_close_frame = connection is CLOSING 1232
2024-03-06 01:19:02,127 DEBUG protocol write_frame_sync > CLOSE 1000 (OK) [2 bytes] 1183
2024-03-06 01:19:02,295 DEBUG protocol read_frame < CLOSE 1000 (OK) [2 bytes] 1177
2024-03-06 01:19:02,509 DEBUG protocol connection_lost = connection is CLOSED 1514
2024-03-06 01:19:02,509 DEBUG protocol close_transport x closing TCP connection 1369
2024-03-06 01:19:10,571 INFO missionTxnQueue main No Txn found 255
2024-03-06 01:19:20,613 INFO missionTxnQueue main No Txn found 255
2024-03-06 01:19:30,663 INFO missionTxnQueue main No Txn found 255
2024-03-06 01:20:41,592 DEBUG proactor_events __init__ Using proactor: IocpProactor 626
2024-03-06 01:20:41,835 DEBUG protocol __init__ = connection is CONNECTING 256
2024-03-06 01:20:42,055 DEBUG client write_http_request > GET / HTTP/1.1 114
2024-03-06 01:20:42,055 DEBUG client write_http_request > Host: n1.zerpmon.world:6005 116
2024-03-06 01:20:42,055 DEBUG client write_http_request > Upgrade: websocket 116
2024-03-06 01:20:42,055 DEBUG client write_http_request > Connection: Upgrade 116
2024-03-06 01:20:42,055 DEBUG client write_http_request > Sec-WebSocket-Key: ECz2KmPGXfRHxRx+h2NVmg== 116
2024-03-06 01:20:42,055 DEBUG client write_http_request > Sec-WebSocket-Version: 13 116
2024-03-06 01:20:42,055 DEBUG client write_http_request > Sec-WebSocket-Extensions: permessage-deflate; client_max_window_bits 116
2024-03-06 01:20:42,055 DEBUG client write_http_request > User-Agent: Python/3.10 websockets/10.4 116
2024-03-06 01:20:42,513 DEBUG client read_http_response < HTTP/1.1 101 Switching Protocols 147
2024-03-06 01:20:42,514 DEBUG client read_http_response < Upgrade: websocket 149
2024-03-06 01:20:42,514 DEBUG client read_http_response < Connection: upgrade 149
2024-03-06 01:20:42,514 DEBUG client read_http_response < Sec-WebSocket-Accept: cJMNZZkTD/fAnirUm6J48rAUE6A= 149
2024-03-06 01:20:42,514 DEBUG client read_http_response < Sec-WebSocket-Extensions: permessage-deflate 149
2024-03-06 01:20:42,514 DEBUG client read_http_response < Server: rippled-2.1.0 149
2024-03-06 01:20:42,514 DEBUG protocol connection_open = connection is OPEN 357
2024-03-06 01:20:42,515 DEBUG protocol write_frame_sync > TEXT '{"id": "account_info_693738", "account": "rExK8...mmand": "account_info"}' [161 bytes] 1183
2024-03-06 01:20:42,723 DEBUG protocol read_frame < TEXT '{"id":"account_info_693738","result":{"account_...ess","type":"response"}' [872 bytes] 1177
2024-03-06 01:20:50,775 INFO missionTxnQueue main No Txn found 255
2024-03-06 01:21:00,838 INFO missionTxnQueue main No Txn found 255
2024-03-06 01:21:02,851 DEBUG protocol keepalive_ping % sending keepalive ping 1270
2024-03-06 01:21:02,852 DEBUG protocol write_frame_sync > PING be b4 be 30 [binary, 4 bytes] 1183
2024-03-06 01:21:03,049 DEBUG protocol __init__ = connection is CONNECTING 256
2024-03-06 01:21:03,058 DEBUG protocol read_frame < PONG be b4 be 30 [binary, 4 bytes] 1177
2024-03-06 01:21:03,058 DEBUG protocol keepalive_ping % received keepalive pong 1280
2024-03-06 01:21:03,236 DEBUG client write_http_request > GET / HTTP/1.1 114
2024-03-06 01:21:03,236 DEBUG client write_http_request > Host: n1.zerpmon.world:6005 116
2024-03-06 01:21:03,236 DEBUG client write_http_request > Upgrade: websocket 116
2024-03-06 01:21:03,236 DEBUG client write_http_request > Connection: Upgrade 116
2024-03-06 01:21:03,236 DEBUG client write_http_request > Sec-WebSocket-Key: AAVflwggcWJ/KIwx7V1+zQ== 116
2024-03-06 01:21:03,236 DEBUG client write_http_request > Sec-WebSocket-Version: 13 116
2024-03-06 01:21:03,236 DEBUG client write_http_request > Sec-WebSocket-Extensions: permessage-deflate; client_max_window_bits 116
2024-03-06 01:21:03,236 DEBUG client write_http_request > User-Agent: Python/3.10 websockets/10.4 116
2024-03-06 01:21:03,639 DEBUG client read_http_response < HTTP/1.1 101 Switching Protocols 147
2024-03-06 01:21:03,639 DEBUG client read_http_response < Upgrade: websocket 149
2024-03-06 01:21:03,639 DEBUG client read_http_response < Connection: upgrade 149
2024-03-06 01:21:03,639 DEBUG client read_http_response < Sec-WebSocket-Accept: El6MaW+yapb/AAy675Ap6Se2ILM= 149
2024-03-06 01:21:03,639 DEBUG client read_http_response < Sec-WebSocket-Extensions: permessage-deflate 149
2024-03-06 01:21:03,639 DEBUG client read_http_response < Server: rippled-2.1.0 149
2024-03-06 01:21:03,640 DEBUG protocol connection_open = connection is OPEN 357
2024-03-06 01:21:03,643 DEBUG protocol write_close_frame = connection is CLOSING 1232
2024-03-06 01:21:03,643 DEBUG protocol write_frame_sync > CLOSE 1000 (OK) [2 bytes] 1183
2024-03-06 01:21:03,819 DEBUG protocol read_frame < CLOSE 1000 (OK) [2 bytes] 1177
2024-03-06 01:21:04,042 DEBUG protocol connection_lost = connection is CLOSED 1514
2024-03-06 01:21:04,042 DEBUG protocol close_transport x closing TCP connection 1369
2024-03-06 01:21:10,075 INFO missionTxnQueue main No Txn found 255
2024-03-06 01:21:20,132 INFO missionTxnQueue main No Txn found 255
2024-03-06 01:21:30,179 INFO missionTxnQueue main No Txn found 255
2024-03-06 01:21:40,238 INFO missionTxnQueue main No Txn found 255
2024-03-06 01:21:50,283 INFO missionTxnQueue main No Txn found 255
2024-03-06 01:22:00,320 INFO missionTxnQueue main No Txn found 255
2024-03-06 01:22:10,361 INFO missionTxnQueue main No Txn found 255
2024-03-06 01:22:20,392 INFO missionTxnQueue main No Txn found 255
2024-03-06 01:22:30,436 INFO missionTxnQueue main No Txn found 255
2024-03-06 01:22:40,476 INFO missionTxnQueue main No Txn found 255
2024-03-06 01:22:50,521 INFO missionTxnQueue main No Txn found 255
2024-03-06 01:23:00,560 INFO missionTxnQueue main No Txn found 255
2024-03-06 01:23:10,619 INFO missionTxnQueue main No Txn found 255
2024-03-06 01:23:20,671 INFO missionTxnQueue main No Txn found 255
2024-03-06 01:23:30,706 INFO missionTxnQueue main No Txn found 255
2024-03-06 01:23:40,747 INFO missionTxnQueue main No Txn found 255
2024-03-06 01:23:50,807 INFO missionTxnQueue main No Txn found 255
2024-03-06 01:24:00,873 INFO missionTxnQueue main No Txn found 255
2024-03-06 01:24:10,926 INFO missionTxnQueue main No Txn found 255
2024-03-06 01:24:18,956 DEBUG protocol read_frame < PING 9c eb db 2a 55 20 13 b8 [binary, 8 bytes] 1177
2024-03-06 01:24:18,956 DEBUG protocol write_frame_sync > PONG 9c eb db 2a 55 20 13 b8 [binary, 8 bytes] 1183
2024-03-06 01:24:18,956 DEBUG protocol read_frame < PING c7 9d e6 bd 5b 07 6e 85 [binary, 8 bytes] 1177
2024-03-06 01:24:18,956 DEBUG protocol write_frame_sync > PONG c7 9d e6 bd 5b 07 6e 85 [binary, 8 bytes] 1183
2024-03-06 01:24:18,957 DEBUG protocol read_frame < PING 23 df 9b 10 c9 2a 35 7a [binary, 8 bytes] 1177
2024-03-06 01:24:18,957 DEBUG protocol write_frame_sync > PONG 23 df 9b 10 c9 2a 35 7a [binary, 8 bytes] 1183
2024-03-06 01:24:18,957 DEBUG protocol read_frame < PING 3a 4e ad 78 99 04 4c bf [binary, 8 bytes] 1177
2024-03-06 01:24:18,957 DEBUG protocol write_frame_sync > PONG 3a 4e ad 78 99 04 4c bf [binary, 8 bytes] 1183
2024-03-06 01:24:18,957 DEBUG protocol read_frame < PING e5 63 c5 c3 86 05 4f b0 [binary, 8 bytes] 1177
2024-03-06 01:24:18,957 DEBUG protocol write_frame_sync > PONG e5 63 c5 c3 86 05 4f b0 [binary, 8 bytes] 1183
2024-03-06 01:24:18,957 DEBUG protocol read_frame < PING d5 1b f0 1d ac 83 0c 30 [binary, 8 bytes] 1177
2024-03-06 01:24:18,957 DEBUG protocol write_frame_sync > PONG d5 1b f0 1d ac 83 0c 30 [binary, 8 bytes] 1183
2024-03-06 01:24:18,957 DEBUG protocol read_frame < PING c8 db 35 8d 48 78 fe 3c [binary, 8 bytes] 1177
2024-03-06 01:24:18,957 DEBUG protocol write_frame_sync > PONG c8 db 35 8d 48 78 fe 3c [binary, 8 bytes] 1183
2024-03-06 01:24:18,958 DEBUG protocol keepalive_ping % sending keepalive ping 1270
2024-03-06 01:24:18,958 DEBUG protocol write_frame_sync > PING 9d 86 67 4a [binary, 4 bytes] 1183
2024-03-06 01:24:19,199 DEBUG protocol __init__ = connection is CONNECTING 256
2024-03-06 01:24:19,430 DEBUG protocol read_frame < PONG 9d 86 67 4a [binary, 4 bytes] 1177
2024-03-06 01:24:19,430 DEBUG client write_http_request > GET / HTTP/1.1 114
2024-03-06 01:24:19,431 DEBUG client write_http_request > Host: n1.zerpmon.world:6005 116
2024-03-06 01:24:19,431 DEBUG client write_http_request > Upgrade: websocket 116
2024-03-06 01:24:19,432 DEBUG client write_http_request > Connection: Upgrade 116
2024-03-06 01:24:19,432 DEBUG client write_http_request > Sec-WebSocket-Key: wjjJtQdW7u3n/hJkHee5SA== 116
2024-03-06 01:24:19,432 DEBUG client write_http_request > Sec-WebSocket-Version: 13 116
2024-03-06 01:24:19,432 DEBUG client write_http_request > Sec-WebSocket-Extensions: permessage-deflate; client_max_window_bits 116
2024-03-06 01:24:19,432 DEBUG client write_http_request > User-Agent: Python/3.10 websockets/10.4 116
2024-03-06 01:24:19,433 DEBUG protocol keepalive_ping % received keepalive pong 1280
2024-03-06 01:24:19,894 DEBUG client read_http_response < HTTP/1.1 101 Switching Protocols 147
2024-03-06 01:24:19,894 DEBUG client read_http_response < Upgrade: websocket 149
2024-03-06 01:24:19,894 DEBUG client read_http_response < Connection: upgrade 149
2024-03-06 01:24:19,894 DEBUG client read_http_response < Sec-WebSocket-Accept: LTSabOIwGLaSgvkW8X1eJ2i0wZ4= 149
2024-03-06 01:24:19,894 DEBUG client read_http_response < Sec-WebSocket-Extensions: permessage-deflate 149
2024-03-06 01:24:19,894 DEBUG client read_http_response < Server: rippled-2.1.0 149
2024-03-06 01:24:19,894 DEBUG protocol connection_open = connection is OPEN 357
2024-03-06 01:24:19,898 DEBUG protocol write_close_frame = connection is CLOSING 1232
2024-03-06 01:24:19,898 DEBUG protocol write_frame_sync > CLOSE 1000 (OK) [2 bytes] 1183
2024-03-06 01:24:20,098 DEBUG protocol read_frame < CLOSE 1000 (OK) [2 bytes] 1177
2024-03-06 01:24:20,347 DEBUG protocol connection_lost = connection is CLOSED 1514
2024-03-06 01:24:20,347 DEBUG protocol close_transport x closing TCP connection 1369
2024-03-06 01:24:20,350 INFO missionTxnQueue main No Txn found 255
2024-03-06 01:24:30,394 INFO missionTxnQueue main No Txn found 255
